<?xml version="1.0" encoding="utf-8"?><testsuite errors="0" failures="0" name="pytest" skips="13" tests="209" time="41.752"><testcase classname="test.unit.test_cluster.TestCluster" file="test/unit/test_cluster.py" line="167" name="test_cluster_env_file" time="0.000711917877197"/><testcase classname="test.unit.test_cluster.TestCluster" file="test/unit/test_cluster.py" line="83" name="test_cluster_info" time="0.00110483169556"/><testcase classname="test.unit.test_cluster.TestCluster" file="test/unit/test_cluster.py" line="67" name="test_cluster_info_dir" time="0.000408887863159"/><testcase classname="test.unit.test_cluster.TestCluster" file="test/unit/test_cluster.py" line="95" name="test_cluster_info_no_env_file" time="0.00138783454895"/><testcase classname="test.unit.test_cluster.TestCluster" file="test/unit/test_cluster.py" line="89" name="test_cluster_info_no_label_found" time="0.00107216835022"/><testcase classname="test.unit.test_cluster.TestCluster" file="test/unit/test_cluster.py" line="101" name="test_find_pbsjob" time="0.000403642654419"/><testcase classname="test.unit.test_cluster.TestCluster" file="test/unit/test_cluster.py" line="106" name="test_find_pbsjob_multiple" time="0.000460147857666"/><testcase classname="test.unit.test_cluster.TestCluster" file="test/unit/test_cluster.py" line="52" name="test_is_valid_label" time="0.000283002853394"/><testcase classname="test.unit.test_cluster.TestCluster" file="test/unit/test_cluster.py" line="71" name="test_known_cluster_labels" time="0.000990152359009"/><testcase classname="test.unit.test_cluster.TestCluster" file="test/unit/test_cluster.py" line="77" name="test_known_cluster_labels_not_found" time="0.0118527412415"><system-err>2015-11-19 13:26:27,972 WARNING    coverage        MainThread  No cluster config directory &apos;/&apos; (yet)
</system-err></testcase><testcase classname="test.unit.test_cluster.TestCluster" file="test/unit/test_cluster.py" line="117" name="test_mk_cluster_info" time="0.0015971660614"/><testcase classname="test.unit.test_cluster.TestCluster" file="test/unit/test_cluster.py" line="111" name="test_mk_cluster_info_dict" time="0.00143074989319"/><testcase classname="test.unit.test_cluster.TestCluster" file="test/unit/test_cluster.py" line="171" name="test_post_job_submission_no_jobs" time="0.000319719314575"><system-err>Error: No jobs found after submission.
</system-err></testcase><testcase classname="test.unit.test_cluster.TestCluster" file="test/unit/test_cluster.py" line="175" name="test_post_job_submission_one_job" time="0.000606060028076"/><testcase classname="test.unit.test_cluster.TestCluster" file="test/unit/test_cluster.py" line="181" name="test_post_job_submission_two_jobs" time="0.0023627281189"/><testcase classname="test.unit.test_cluster.TestCluster" file="test/unit/test_cluster.py" line="157" name="test_report_cluster_submission_with_label" time="0.000333786010742"/><testcase classname="test.unit.test_cluster.TestCluster" file="test/unit/test_cluster.py" line="162" name="test_report_cluster_submission_with_no_label" time="0.000305891036987"/><testcase classname="test.unit.test_cluster.TestCluster" file="test/unit/test_cluster.py" line="127" name="test_save_cluster_info" time="0.00181913375854"/><testcase classname="test.unit.test_cluster.TestCluster" file="test/unit/test_cluster.py" line="137" name="test_save_cluster_info_mk_cluster_info" time="0.00267815589905"><system-err>2015-11-19 13:26:27,998 WARNING    coverage        MainThread  Cluster info directory not found. Creating it now
</system-err></testcase><testcase classname="test.unit.test_cluster.TestCluster" file="test/unit/test_cluster.py" line="151" name="test_validate_hodconf_or_dist" time="0.00533509254456"><system-err>2015-11-19 13:26:28,001 ERROR      coverage        MainThread  
</system-err></testcase><testcase classname="test.unit.test_cluster.TestCluster" file="test/unit/test_cluster.py" line="58" name="test_validate_label" time="0.000370025634766"><system-err>Tried to submit HOD cluster with label &apos;my-batch-job&apos; but it already exists
If it is an old HOD cluster, you can remove it with `hod clean`
Tried to submit HOD cluster with label &apos;my/batch-job&apos; but it is not a valid label
Labels are used as filenames so they cannot have / characters
Tried to submit HOD cluster with label &apos;my/batch-job&apos; but it is not a valid label
Labels are used as filenames so they cannot have / characters
Tried to submit HOD cluster with label &apos;/mybatch-job&apos; but it is not a valid label
Labels are used as filenames so they cannot have / characters
Tried to submit HOD cluster with label &apos;/mybatch-job&apos; but it is not a valid label
Labels are used as filenames so they cannot have / characters
</system-err></testcase><testcase classname="test.unit.test_hod_local.TestHodLocal" file="test/unit/test_hod_local.py" line="35" name="test_local_no_args" time="2.03659009933"><system-err>2015-11-19 13:26:30,036 ERROR      coverage        MainThread  A config or a dist must be provided
2015-11-19 13:26:30,040 ERROR      coverage        MainThread  HanythingOnDemand failed
Traceback (most recent call last):
  File &quot;hod/local.py&quot;, line 103, in main
    setup_tasks(svc)
  File &quot;hod/mpiservice.py&quot;, line 171, in setup_tasks
    svc.distribution(*master_template_kwargs)
  File &quot;hod/hodproc.py&quot;, line 117, in distribution
    config_path = resolve_config_paths(self.options.hodconf, self.options.dist)
  File &quot;hod/config/config.py&quot;, line 510, in resolve_config_paths
    raise RuntimeError(&apos;A config or a dist must be provided&apos;)
RuntimeError: A config or a dist must be provided
</system-err></testcase><testcase classname="test.unit.test_hod_local.TestHodLocal" file="test/unit/test_hod_local.py" line="40" name="test_master_rank" time="0.0963339805603"><system-err>2015-11-19 13:26:30,134 ERROR      coverage        MainThread  distribution() argument after * must be a sequence, not Mock
2015-11-19 13:26:30,137 ERROR      coverage        MainThread  HanythingOnDemand failed
Traceback (most recent call last):
  File &quot;hod/local.py&quot;, line 103, in main
    setup_tasks(svc)
  File &quot;hod/mpiservice.py&quot;, line 171, in setup_tasks
    svc.distribution(*master_template_kwargs)
TypeError: distribution() argument after * must be a sequence, not Mock
</system-err></testcase><testcase classname="test.unit.test_hod_local.TestHodLocal" file="test/unit/test_hod_local.py" line="46" name="test_slave_rank" time="0.0957469940186"><system-err>2015-11-19 13:26:30,230 ERROR      coverage        MainThread  distribution() argument after * must be a sequence, not Mock
2015-11-19 13:26:30,234 ERROR      coverage        MainThread  HanythingOnDemand failed
Traceback (most recent call last):
  File &quot;hod/local.py&quot;, line 103, in main
    setup_tasks(svc)
  File &quot;hod/mpiservice.py&quot;, line 171, in setup_tasks
    svc.distribution(*master_template_kwargs)
TypeError: distribution() argument after * must be a sequence, not Mock
</system-err></testcase><testcase classname="test.unit.test_hod_main.TestHodMain" file="test/unit/test_hod_main.py" line="48" name="test_init_bad_subcmd" time="0.000386953353882"/><testcase classname="test.unit.test_hod_main.TestHodMain" file="test/unit/test_hod_main.py" line="53" name="test_init_bad_subcmd_option" time="0.00029182434082"/><testcase classname="test.unit.test_hod_main.TestHodMain" file="test/unit/test_hod_main.py" line="58" name="test_init_good_subcmd" time="0.000299692153931"/><testcase classname="test.unit.test_hod_main.TestHodMain" file="test/unit/test_hod_main.py" line="63" name="test_init_good_subcmd_options" time="0.000283241271973"/><testcase classname="test.unit.test_hod_main.TestHodMain" file="test/unit/test_hod_main.py" line="36" name="test_main_bad_cmd" time="0.000346899032593"><system-err>ERROR: No known subcommand specified
hanythingondemand version 3.0.1 - Run services within an HPC cluster
usage: hod &lt;subcommand&gt; [subcommand options]
Available subcommands (one of these must be specified!):
    batch           Submit a job to spawn a cluster on a PBS job controller, run a job script, and tear down the cluster when it&apos;s done
    clean           Remove stale cluster info.
    clone           Write hod configs to a directory for editing purposes.
    connect         Connect to a hod cluster.
    create          Submit a job to spawn a cluster on a PBS job controller
    dists           List the available distributions
    genconfig       Write hod configs to a directory for diagnostic purposes
    help-template   Print the values of the configuration templates based on the current machine.
    list            List submitted/running clusters
    relabel         Change the label of an existing job.
</system-err></testcase><testcase classname="test.unit.test_hod_main.TestHodMain" file="test/unit/test_hod_main.py" line="39" name="test_main_good_cmd" time="0.000725030899048"><system-out>HBase-1.0.2
Hadoop-2.3.0-cdh5.0.0
Hadoop-2.5.0-cdh5.3.1-gpfs
Hadoop-2.5.0-cdh5.3.1-native
Hadoop-2.6.0-cdh5.4.5-native
Hadoop-on-lustre2
IPython-notebook-3.2.1
</system-out></testcase><testcase classname="test.unit.test_hod_main.TestHodMain" file="test/unit/test_hod_main.py" line="42" name="test_main_help" time="0.000485181808472"><system-out>hanythingondemand version 3.0.1 - Run services within an HPC cluster
usage: hod &lt;subcommand&gt; [subcommand options]
Available subcommands (one of these must be specified!):
    batch           Submit a job to spawn a cluster on a PBS job controller, run a job script, and tear down the cluster when it&apos;s done
    clean           Remove stale cluster info.
    clone           Write hod configs to a directory for editing purposes.
    connect         Connect to a hod cluster.
    create          Submit a job to spawn a cluster on a PBS job controller
    dists           List the available distributions
    genconfig       Write hod configs to a directory for diagnostic purposes
    help-template   Print the values of the configuration templates based on the current machine.
    list            List submitted/running clusters
    relabel         Change the label of an existing job.

</system-out></testcase><testcase classname="test.unit.test_hod_main.TestHodMain" file="test/unit/test_hod_main.py" line="33" name="test_main_no_args" time="0.000378131866455"><system-out>hanythingondemand version 3.0.1 - Run services within an HPC cluster
usage: hod &lt;subcommand&gt; [subcommand options]
Available subcommands (one of these must be specified!):
    batch           Submit a job to spawn a cluster on a PBS job controller, run a job script, and tear down the cluster when it&apos;s done
    clean           Remove stale cluster info.
    clone           Write hod configs to a directory for editing purposes.
    connect         Connect to a hod cluster.
    create          Submit a job to spawn a cluster on a PBS job controller
    dists           List the available distributions
    genconfig       Write hod configs to a directory for diagnostic purposes
    help-template   Print the values of the configuration templates based on the current machine.
    list            List submitted/running clusters
    relabel         Change the label of an existing job.

</system-out></testcase><testcase classname="test.unit.test_hod_main.TestHodMain" file="test/unit/test_hod_main.py" line="45" name="test_usage" time="0.000334024429321"/><testcase classname="test.unit.test_hodproc.TestHodProcConfiguredMaster" file="test/unit/test_hodproc.py" line="69" name="test_configured_master_distribution" time="1.91420006752"><system-err>2015-11-19 13:26:30,869 ERROR      coverage        MainThread  Field &quot;masterhostaddress&quot; not yet available
2015-11-19 13:26:30,878 ERROR      coverage        MainThread  Field &quot;masterdataname&quot; not yet available
2015-11-19 13:26:30,885 ERROR      coverage        MainThread  Field &quot;masterdataaddress&quot; not yet available
2015-11-19 13:26:30,890 ERROR      coverage        MainThread  Field &quot;masterhostname&quot; not yet available
</system-err></testcase><testcase classname="test.unit.test_hodproc.TestHodProcConfiguredMaster" file="test/unit/test_hodproc.py" line="63" name="test_configured_master_init" time="0.114447116852"/><testcase classname="test.unit.test_hodproc.TestHodProcConfiguredMaster" file="test/unit/test_hodproc.py" line="91" name="test_configured_slave_distribution" time="2.1464650631"><system-err>2015-11-19 13:26:32,808 ERROR      coverage        MainThread  Field &quot;masterhostaddress&quot; not yet available
2015-11-19 13:26:32,812 ERROR      coverage        MainThread  Field &quot;masterdataname&quot; not yet available
2015-11-19 13:26:32,816 ERROR      coverage        MainThread  Field &quot;masterdataaddress&quot; not yet available
2015-11-19 13:26:32,819 ERROR      coverage        MainThread  Field &quot;masterhostname&quot; not yet available
</system-err></testcase><testcase classname="test.unit.test_hodproc.TestHodProcConfiguredMaster" file="test/unit/test_hodproc.py" line="118" name="test_script_output_paths_label" time="0.00104117393494"/><testcase classname="test.unit.test_hodproc.TestHodProcConfiguredMaster" file="test/unit/test_hodproc.py" line="107" name="test_script_output_paths_nolabel" time="0.00153183937073"/><testcase classname="test.unit.test_hodproc.TestHodProcConfiguredMaster" file="test/unit/test_hodproc.py" line="112" name="test_script_output_paths_nolabel_abspath" time="0.000856876373291"/><testcase classname="test.unit.test_mpiservice.MPIServiceTestCase" file="test/unit/test_mpiservice.py" line="73" name="test_make_comm_group" time="0.0104582309723"/><testcase classname="test.unit.test_mpiservice.MPIServiceTestCase" file="test/unit/test_mpiservice.py" line="115" name="test_master_spread" time="0.00946593284607"/><testcase classname="test.unit.test_mpiservice.MPIServiceTestCase" file="test/unit/test_mpiservice.py" line="83" name="test_master_template_opts_default" time="1.84289503098"/><testcase classname="test.unit.test_mpiservice.MPIServiceTestCase" file="test/unit/test_mpiservice.py" line="95" name="test_master_template_opts_enriched" time="1.67148733139"/><testcase classname="test.unit.test_mpiservice.MPIServiceTestCase" file="test/unit/test_mpiservice.py" line="43" name="test_mpiservice_barrier" time="0.00611710548401"/><testcase classname="test.unit.test_mpiservice.MPIServiceTestCase" file="test/unit/test_mpiservice.py" line="68" name="test_mpiservice_check_comm" time="0.00477409362793"/><testcase classname="test.unit.test_mpiservice.MPIServiceTestCase" file="test/unit/test_mpiservice.py" line="63" name="test_mpiservice_check_group" time="0.00551080703735"/><testcase classname="test.unit.test_mpiservice.MPIServiceTestCase" file="test/unit/test_mpiservice.py" line="78" name="test_mpiservice_distribution" time="0.00394320487976"><system-err>2015-11-19 13:26:38,000 ERROR      coverage.MpiService MainThread  Redefine this in proper master service
</system-err></testcase><testcase classname="test.unit.test_mpiservice.MPIServiceTestCase" file="test/unit/test_mpiservice.py" line="37" name="test_mpiservice_init" time="0.000296115875244"/><testcase classname="test.unit.test_mpiservice.MPIServiceTestCase" file="test/unit/test_mpiservice.py" line="126" name="test_mpiservice_run_dist" time="0.00438570976257"><skipped message="expected test failure"></skipped><system-err>2015-11-19 13:26:38,006 ERROR      coverage.MpiService MainThread  Redefine this in proper master service
</system-err></testcase><testcase classname="test.unit.test_mpiservice.MPIServiceTestCase" file="test/unit/test_mpiservice.py" line="53" name="test_mpiservice_stop_comm" time="0.00375175476074"/><testcase classname="test.unit.test_mpiservice.MPIServiceTestCase" file="test/unit/test_mpiservice.py" line="58" name="test_mpiservice_stop_service" time="0.00377893447876"/><testcase classname="test.unit.test_mpiservice.MPIServiceTestCase" file="test/unit/test_mpiservice.py" line="48" name="test_mpiservice_who_is_out_there" time="0.00360417366028"/><testcase classname="test.unit.test_mpiservice.MPIServiceTestCase" file="test/unit/test_mpiservice.py" line="120" name="test_slave_spread" time="0.00358390808105"/><testcase classname="test.unit.test_option.TestOption" file="test/unit/test_option.py" line="57" name="test_validate_fails_missing_dist_or_config" time="0.00170516967773"><system-err>2015-11-19 13:26:38,031 ERROR      coverage.create MainThread  Only one of --hodconf or --dist can be set
</system-err></testcase><testcase classname="test.unit.test_option.TestOption" file="test/unit/test_option.py" line="33" name="test_validate_pbs_option" time="0.000508785247803"/><testcase classname="test.unit.test_option.TestOption" file="test/unit/test_option.py" line="53" name="test_validate_required_option" time="0.000513076782227"/><testcase classname="test.unit.test_option.TestOption" file="test/unit/test_option.py" line="41" name="test_validate_required_option_fails_missing_dist_or_config" time="0.00174403190613"><system-err>2015-11-19 13:26:38,035 ERROR      coverage.create MainThread  Only one of --hodconf or --dist can be set
</system-err></testcase><testcase classname="test.unit.test_option.TestOption" file="test/unit/test_option.py" line="49" name="test_validate_required_option_fails_missing_hod_module" time="0.00142598152161"><system-err>2015-11-19 13:26:38,037 ERROR      coverage.create MainThread  Only one of --hodconf or --dist can be set
</system-err></testcase><testcase classname="test.unit.test_option.TestOption" file="test/unit/test_option.py" line="45" name="test_validate_required_option_fails_missing_workdir" time="0.00142121315002"><system-err>2015-11-19 13:26:38,040 ERROR      coverage.create MainThread  Only one of --hodconf or --dist can be set
</system-err></testcase><testcase classname="test.unit.test_option.TestOption" file="test/unit/test_option.py" line="37" name="test_validate_required_option_fails_with_config_and_dist" time="0.00108098983765"><system-err>2015-11-19 13:26:38,041 ERROR      coverage.create MainThread  Only one of --hodconf or --dist can be set
</system-err></testcase><testcase classname="test.unit.test_table.TestTables" file="test/unit/test_table.py" line="64" name="test_format_table_bad_header_length" time="0.00039267539978"/><testcase classname="test.unit.test_table.TestTables" file="test/unit/test_table.py" line="44" name="test_format_table_headers" time="0.000310897827148"/><testcase classname="test.unit.test_table.TestTables" file="test/unit/test_table.py" line="36" name="test_format_table_no_headers" time="0.000298023223877"/><testcase classname="test.unit.test_table.TestTables" file="test/unit/test_table.py" line="69" name="test_format_table_non_equal_row_lengths" time="0.000282287597656"/><testcase classname="test.unit.test_table.TestTables" file="test/unit/test_table.py" line="54" name="test_format_tablecontent_longer_than_header" time="0.00031590461731"/><testcase classname="test.unit.commands.test_commands.HodCommandsCommandTestCase" file="test/unit/commands/test_commands.py" line="34" name="test_command_breathing" time="0.00403308868408"><skipped message="expected test failure"></skipped></testcase><testcase classname="test.unit.commands.test_commands.HodCommandsCommandTestCase" file="test/unit/commands/test_commands.py" line="40" name="test_command_empty_run" time="0.00383400917053"><system-err>2015-11-19 13:26:38,060 ERROR      coverage.Command MainThread  No command set
</system-err></testcase><testcase classname="test.unit.commands.test_commands.HodCommandsCommandTestCase" file="test/unit/commands/test_commands.py" line="68" name="test_command_run_echo_hello" time="0.108169078827"/><testcase classname="test.unit.commands.test_commands.HodCommandsCommandTestCase" file="test/unit/commands/test_commands.py" line="75" name="test_command_run_echo_hello_stderr" time="0.108976840973"/><testcase classname="test.unit.commands.test_commands.HodCommandsCommandTestCase" file="test/unit/commands/test_commands.py" line="45" name="test_command_run_true" time="0.108383178711"/><testcase classname="test.unit.commands.test_commands.HodCommandsCommandTestCase" file="test/unit/commands/test_commands.py" line="61" name="test_command_sleep" time="1.11919593811"/><testcase classname="test.unit.commands.test_commands.HodCommandsCommandTestCase" file="test/unit/commands/test_commands.py" line="52" name="test_command_true_fake_pty" time="0.119225978851"/><testcase classname="test.unit.commands.test_commands.HodCommandsCommandTestCase" file="test/unit/commands/test_commands.py" line="82" name="test_generate_ssh_key" time="0.00456094741821"/><testcase classname="test.unit.commands.test_commands.HodCommandsCommandTestCase" file="test/unit/commands/test_commands.py" line="92" name="test_kill_pid_file" time="0.00401496887207"/><testcase classname="test.unit.commands.test_commands.HodCommandsCommandTestCase" file="test/unit/commands/test_commands.py" line="108" name="test_run_in_screen" time="0.00376796722412"/><testcase classname="test.unit.commands.test_commands.HodCommandsCommandTestCase" file="test/unit/commands/test_commands.py" line="87" name="test_run_sshd" time="0.00379014015198"/><testcase classname="test.unit.commands.test_commands.HodCommandsCommandTestCase" file="test/unit/commands/test_commands.py" line="102" name="test_screen_daemon" time="0.00367212295532"/><testcase classname="test.unit.commands.test_commands.HodCommandsCommandTestCase" file="test/unit/commands/test_commands.py" line="98" name="test_ulimit" time="0.00365877151489"/><testcase classname="test.unit.config.test_config.HodConfigConfig" file="test/unit/config/test_config.py" line="330" name="test_ConfigOptsParams_pickles" time="0.000863075256348"/><testcase classname="test.unit.config.test_config.HodConfigConfig" file="test/unit/config/test_config.py" line="350" name="test_ConfigOpts_ConfigParser_replacement" time="0.000684976577759"/><testcase classname="test.unit.config.test_config.HodConfigConfig" file="test/unit/config/test_config.py" line="294" name="test_ConfigOpts_env" time="0.000634908676147"/><testcase classname="test.unit.config.test_config.HodConfigConfig" file="test/unit/config/test_config.py" line="312" name="test_ConfigOpts_pickles" time="0.000918865203857"/><testcase classname="test.unit.config.test_config.HodConfigConfig" file="test/unit/config/test_config.py" line="266" name="test_ConfigOpts_runs_on_ALL" time="0.000570058822632"/><testcase classname="test.unit.config.test_config.HodConfigConfig" file="test/unit/config/test_config.py" line="225" name="test_ConfigOpts_runs_on_MASTER" time="0.000632047653198"/><testcase classname="test.unit.config.test_config.HodConfigConfig" file="test/unit/config/test_config.py" line="248" name="test_ConfigOpts_runs_on_SLAVE" time="0.000565767288208"/><testcase classname="test.unit.config.test_config.HodConfigConfig" file="test/unit/config/test_config.py" line="43" name="test_PreServiceConfigOpts" time="0.000739097595215"/><testcase classname="test.unit.config.test_config.HodConfigConfig" file="test/unit/config/test_config.py" line="116" name="test_PreServiceConfigOpts_autogen_hadoop" time="0.00486397743225"/><testcase classname="test.unit.config.test_config.HodConfigConfig" file="test/unit/config/test_config.py" line="144" name="test_PreServiceConfigOpts_autogen_hadoop_override" time="0.00479698181152"/><testcase classname="test.unit.config.test_config.HodConfigConfig" file="test/unit/config/test_config.py" line="95" name="test_PreServiceConfigOpts_invalid" time="0.000694274902344"/><testcase classname="test.unit.config.test_config.HodConfigConfig" file="test/unit/config/test_config.py" line="68" name="test_PreServiceConfigOpts_kwargs" time="0.000717878341675"/><testcase classname="test.unit.config.test_config.HodConfigConfig" file="test/unit/config/test_config.py" line="179" name="test_PreServiceConfigOpts_merge" time="0.00140309333801"/><testcase classname="test.unit.config.test_config.HodConfigConfig" file="test/unit/config/test_config.py" line="412" name="test_avail_dists" time="0.000656843185425"/><testcase classname="test.unit.config.test_config.HodConfigConfig" file="test/unit/config/test_config.py" line="377" name="test_cfgget" time="0.00062084197998"/><testcase classname="test.unit.config.test_config.HodConfigConfig" file="test/unit/config/test_config.py" line="372" name="test_env2str" time="0.00030517578125"/><testcase classname="test.unit.config.test_config.HodConfigConfig" file="test/unit/config/test_config.py" line="289" name="test_parse_comma_delim_list" time="0.000285148620605"/><testcase classname="test.unit.config.test_config.HodConfigConfig" file="test/unit/config/test_config.py" line="283" name="test_parse_runs_on" time="0.000336170196533"/><testcase classname="test.unit.config.test_config.HodConfigConfig" file="test/unit/config/test_config.py" line="404" name="test_resolve_config_path" time="0.00122618675232"/><testcase classname="test.unit.config.test_config.HodConfigConfig" file="test/unit/config/test_config.py" line="399" name="test_resolve_dist_path" time="0.000988960266113"/><testcase classname="test.unit.config.test_template.TestConfigTemplate" file="test/unit/config/test_template.py" line="61" name="test_TemplateRegistry" time="0.000371932983398"/><testcase classname="test.unit.config.test_template.TestConfigTemplate" file="test/unit/config/test_template.py" line="88" name="test_TemplateResolver" time="0.000370979309082"/><testcase classname="test.unit.config.test_template.TestConfigTemplate" file="test/unit/config/test_template.py" line="80" name="test_localworkdir_jobid" time="0.00139093399048"/><testcase classname="test.unit.config.test_template.TestConfigTemplate" file="test/unit/config/test_template.py" line="73" name="test_localworkdir_no_jobid" time="0.00152993202209"/><testcase classname="test.unit.config.test_template.TestConfigTemplate" file="test/unit/config/test_template.py" line="36" name="test_register_templates" time="0.573590755463"/><testcase classname="test.unit.config.test_template.TestConfigTemplate" file="test/unit/config/test_template.py" line="53" name="test_register_templates_multi_modules" time="0.45388674736"/><testcase classname="test.unit.config.test_template.TestConfigTemplate" file="test/unit/config/test_template.py" line="45" name="test_register_templates_no_modules" time="5.70637559891"/><testcase classname="test.unit.config.test_template.TestConfigTemplate" file="test/unit/config/test_template.py" line="69" name="test_resolve_config_str" time="0.000596284866333"/><testcase classname="test.unit.config.autogen.test_autogen_common.TestConfigAutogenCommon" file="test/unit/config/autogen/test_autogen_common.py" line="118" name="test_available_memory_entire_machine" time="0.00071120262146"/><testcase classname="test.unit.config.autogen.test_autogen_common.TestConfigAutogenCommon" file="test/unit/config/autogen/test_autogen_common.py" line="133" name="test_available_memory_one_third" time="0.000505924224854"/><testcase classname="test.unit.config.autogen.test_autogen_common.TestConfigAutogenCommon" file="test/unit/config/autogen/test_autogen_common.py" line="126" name="test_available_memory_ulimit" time="0.000982999801636"/><testcase classname="test.unit.config.autogen.test_autogen_common.TestConfigAutogenCommon" file="test/unit/config/autogen/test_autogen_common.py" line="36" name="test_blocksize" time="0.00334620475769"/><testcase classname="test.unit.config.autogen.test_autogen_common.TestConfigAutogenCommon" file="test/unit/config/autogen/test_autogen_common.py" line="88" name="test_format_memory" time="0.000571012496948"/><testcase classname="test.unit.config.autogen.test_autogen_common.TestConfigAutogenCommon" file="test/unit/config/autogen/test_autogen_common.py" line="65" name="test_parse_memory" time="0.000677108764648"/><testcase classname="test.unit.config.autogen.test_autogen_common.TestConfigAutogenCommon" file="test/unit/config/autogen/test_autogen_common.py" line="56" name="test_reserved_memory" time="0.000585079193115"/><testcase classname="test.unit.config.autogen.test_autogen_common.TestConfigAutogenCommon" file="test/unit/config/autogen/test_autogen_common.py" line="104" name="test_round_mb" time="0.000756502151489"/><testcase classname="test.unit.config.autogen.test_autogen_hadoop.TestConfigAutogenHadoop" file="test/unit/config/autogen/test_autogen_hadoop.py" line="94" name="test_autogen_config" time="0.00119590759277"/><testcase classname="test.unit.config.autogen.test_autogen_hadoop.TestConfigAutogenHadoop" file="test/unit/config/autogen/test_autogen_hadoop.py" line="81" name="test_capacity_scheduler_xml_defaults" time="0.000394582748413"/><testcase classname="test.unit.config.autogen.test_autogen_hadoop.TestConfigAutogenHadoop" file="test/unit/config/autogen/test_autogen_hadoop.py" line="45" name="test_core_site_xml_defaults" time="0.00112199783325"/><testcase classname="test.unit.config.autogen.test_autogen_hadoop.TestConfigAutogenHadoop" file="test/unit/config/autogen/test_autogen_hadoop.py" line="57" name="test_mapred_site_xml_defaults" time="0.000423669815063"/><testcase classname="test.unit.config.autogen.test_autogen_hadoop.TestConfigAutogenHadoop" file="test/unit/config/autogen/test_autogen_hadoop.py" line="37" name="test_min_container_size" time="0.000421762466431"/><testcase classname="test.unit.config.autogen.test_autogen_hadoop.TestConfigAutogenHadoop" file="test/unit/config/autogen/test_autogen_hadoop.py" line="67" name="test_yarn_site_xml_defaults" time="0.000420808792114"/><testcase classname="test.unit.config.autogen.test_autogen_hadoop_on_lustre2.TestConfigAutogenHadoopOnLustre" file="test/unit/config/autogen/test_autogen_hadoop_on_lustre2.py" line="76" name="test_autogen_config" time="0.00100088119507"/><testcase classname="test.unit.config.autogen.test_autogen_hadoop_on_lustre2.TestConfigAutogenHadoopOnLustre" file="test/unit/config/autogen/test_autogen_hadoop_on_lustre2.py" line="38" name="test_core_site_xml_defaults" time="0.000946044921875"/><testcase classname="test.unit.config.autogen.test_autogen_hadoop_on_lustre2.TestConfigAutogenHadoopOnLustre" file="test/unit/config/autogen/test_autogen_hadoop_on_lustre2.py" line="51" name="test_mapred_site_xml_defaults" time="0.000378131866455"/><testcase classname="test.unit.config.autogen.test_autogen_hadoop_on_lustre2.TestConfigAutogenHadoopOnLustre" file="test/unit/config/autogen/test_autogen_hadoop_on_lustre2.py" line="63" name="test_yarn_site_xml_defaults" time="0.000365018844604"/><testcase classname="test.unit.config.autogen.test_ipython_notebook.TestIpythonNodebook" file="test/unit/config/autogen/test_ipython_notebook.py" line="35" name="test_spark_defaults" time="0.000459909439087"/><testcase classname="test.unit.config.writer.test_hadoop.HodConfigHadoop" file="test/unit/config/writer/test_hadoop.py" line="38" name="test_hadoop_xml" time="0.000821828842163"><system-out>&quot;&lt;?xml version=&quot;1.0&quot; encoding=&quot;utf-8&quot;?&gt;
&lt;?xml-stylesheet type=&quot;text/xsl&quot; href=&quot;configuration.xsl&quot;?&gt;
&lt;configuration&gt;
&lt;property&gt;
    &lt;name&gt;fs.defaultFs&lt;/name&gt;
    &lt;value&gt;file:///&lt;/value&gt;
&lt;/property&gt;
&lt;property&gt;
    &lt;name&gt;templated.value&lt;/name&gt;
    &lt;value&gt;potato&lt;/value&gt;
&lt;/property&gt;
&lt;property&gt;
    &lt;name&gt;yarn.option.nested&lt;/name&gt;
    &lt;value&gt;123&lt;/value&gt;
&lt;/property&gt;
&lt;/configuration&gt;&quot;
&quot;&lt;?xml version=&quot;1.0&quot; encoding=&quot;utf-8&quot;?&gt;
&lt;?xml-stylesheet type=&quot;text/xsl&quot; href=&quot;configuration.xsl&quot;?&gt;
&lt;configuration&gt;
&lt;property&gt;
    &lt;name&gt;fs.defaultFs&lt;/name&gt;
    &lt;value&gt;file:///&lt;/value&gt;
&lt;/property&gt;
&lt;property&gt;
    &lt;name&gt;templated.value&lt;/name&gt;
    &lt;value&gt;potato&lt;/value&gt;
&lt;/property&gt;
&lt;property&gt;
    &lt;name&gt;yarn.option.nested&lt;/name&gt;
    &lt;value&gt;123&lt;/value&gt;
&lt;/property&gt;
&lt;/configuration&gt;&quot;
</system-out></testcase><testcase classname="test.unit.config.writer.test_hadoop.HodConfigHadoop" file="test/unit/config/writer/test_hadoop.py" line="80" name="test_hadoop_xml_bad_file" time="0.00491094589233"><system-err>2015-11-19 13:26:46,471 ERROR      coverage        MainThread  Unrecognized hadoop file type: file.ini
</system-err></testcase><testcase classname="test.unit.config.writer.test_hadoop.HodConfigHadoop" file="test/unit/config/writer/test_hadoop.py" line="65" name="test_hadoop_xml_log4j_properties" time="0.000359058380127"><system-out>&quot;fs.defaultFs=file:///
templated.value=$somename
yarn.option.nested=123
&quot;
&quot;fs.defaultFs=file:///
templated.value=$somename
yarn.option.nested=123
&quot;
</system-out></testcase><testcase classname="test.unit.config.writer.test_hadoop.HodConfigHadoop" file="test/unit/config/writer/test_hadoop.py" line="88" name="test_spark_defaults_conf" time="0.000375032424927"/><testcase classname="test.unit.node.test_node.HodNodeTestCase" file="test/unit/node/test_node.py" line="129" name="test_address_in_network" time="0.000450134277344"/><testcase classname="test.unit.node.test_node.HodNodeTestCase" file="test/unit/node/test_node.py" line="67" name="test_get_networks_multiple" time="0.00153279304504"/><testcase classname="test.unit.node.test_node.HodNodeTestCase" file="test/unit/node/test_node.py" line="52" name="test_get_networks_single" time="0.00104808807373"/><testcase classname="test.unit.node.test_node.HodNodeTestCase" file="test/unit/node/test_node.py" line="135" name="test_ip_interface_to" time="0.000672101974487"/><testcase classname="test.unit.node.test_node.HodNodeTestCase" file="test/unit/node/test_node.py" line="37" name="test_netmask2maskbits" time="0.000536918640137"/><testcase classname="test.unit.node.test_node.HodNodeTestCase" file="test/unit/node/test_node.py" line="202" name="test_node_get_memory" time="0.110034942627"/><testcase classname="test.unit.node.test_node.HodNodeTestCase" file="test/unit/node/test_node.py" line="189" name="test_node_get_memory_proc_meminfo" time="0.000992298126221"/><testcase classname="test.unit.node.test_node.HodNodeTestCase" file="test/unit/node/test_node.py" line="156" name="test_node_go" time="0.995100736618"/><testcase classname="test.unit.node.test_node.HodNodeTestCase" file="test/unit/node/test_node.py" line="150" name="test_node_init" time="0.00443410873413"/><testcase classname="test.unit.node.test_node.HodNodeTestCase" file="test/unit/node/test_node.py" line="168" name="test_node_sorted_network_complex" time="0.000375270843506"/><testcase classname="test.unit.node.test_node.HodNodeTestCase" file="test/unit/node/test_node.py" line="162" name="test_node_sorted_network_simple" time="0.00030517578125"/><testcase classname="test.unit.node.test_node.HodNodeTestCase" file="test/unit/node/test_node.py" line="195" name="test_node_ulimit_v" time="0.10781788826"><system-out>unlimited &lt;type &apos;str&apos;&gt;
</system-out></testcase><testcase classname="test.unit.node.test_node.HodNodeTestCase" file="test/unit/node/test_node.py" line="175" name="test_sorted_networks_multiple_infiniband" time="0.00182795524597"><system-out>[NetworkInterface(hostname=&apos;wibble01.wibble.data&apos;, addr=&apos;10.143.13.2&apos;, device=&apos;ib0&apos;, mask_bits=16), NetworkInterface(hostname=&apos;wibble01.sitename.tld&apos;, addr=&apos;157.193.16.9&apos;, device=&apos;em3&apos;, mask_bits=25), NetworkInterface(hostname=&apos;wibble01.wibble.os&apos;, addr=&apos;10.1.1.2&apos;, device=&apos;em1&apos;, mask_bits=16), NetworkInterface(hostname=&apos;10.143.113.2&apos;, addr=&apos;10.143.113.2&apos;, device=&apos;ib1&apos;, mask_bits=16), NetworkInterface(hostname=&apos;localhost&apos;, addr=&apos;127.0.0.1&apos;, device=&apos;lo&apos;, mask_bits=8)]
</system-out></testcase><testcase classname="test.unit.rmscheduler.test_hodjob.HodRMSchedulerHodjobTestCase" file="test/unit/rmscheduler/test_hodjob.py" line="74" name="test_hodjob_init" time="0.237674713135"/><testcase classname="test.unit.rmscheduler.test_hodjob.HodRMSchedulerHodjobTestCase" file="test/unit/rmscheduler/test_hodjob.py" line="84" name="test_hodjob_run" time="0.264166116714"><system-err>2015-11-19 13:26:48,214 ERROR      coverage.ResourceManagerScheduler MainThread  submit not implemented
</system-err></testcase><testcase classname="test.unit.rmscheduler.test_hodjob.HodRMSchedulerHodjobTestCase" file="test/unit/rmscheduler/test_hodjob.py" line="78" name="test_hodjob_set_type_class" time="0.239050149918"/><testcase classname="test.unit.rmscheduler.test_hodjob.HodRMSchedulerHodjobTestCase" file="test/unit/rmscheduler/test_hodjob.py" line="94" name="test_mympirunhod_generate_exe" time="0.234159946442"/><testcase classname="test.unit.rmscheduler.test_hodjob.HodRMSchedulerHodjobTestCase" file="test/unit/rmscheduler/test_hodjob.py" line="90" name="test_mympirunhod_init" time="0.23841714859"/><testcase classname="test.unit.rmscheduler.test_hodjob.HodRMSchedulerHodjobTestCase" file="test/unit/rmscheduler/test_hodjob.py" line="108" name="test_pbshodjob_init" time="0.237720012665"><system-err>Unable to communicate with localhost(127.0.0.1)
</system-err></testcase><testcase classname="test.unit.rmscheduler.test_hodjob.HodRMSchedulerHodjobTestCase" file="test/unit/rmscheduler/test_hodjob.py" line="116" name="test_pbshodjob_set_type_class" time="0.247960090637"><system-err>Unable to communicate with localhost(127.0.0.1)
</system-err></testcase><testcase classname="test.unit.rmscheduler.test_job.HodRMSchedulerJobTestCase" file="test/unit/rmscheduler/test_job.py" line="48" name="test_job_generate_environment" time="0.00418972969055"/><testcase classname="test.unit.rmscheduler.test_job.HodRMSchedulerJobTestCase" file="test/unit/rmscheduler/test_job.py" line="58" name="test_job_generate_exe" time="0.00356006622314"/><testcase classname="test.unit.rmscheduler.test_job.HodRMSchedulerJobTestCase" file="test/unit/rmscheduler/test_job.py" line="53" name="test_job_generate_extra_environment" time="0.003830909729"/><testcase classname="test.unit.rmscheduler.test_job.HodRMSchedulerJobTestCase" file="test/unit/rmscheduler/test_job.py" line="63" name="test_job_generate_modules" time="0.00371193885803"/><testcase classname="test.unit.rmscheduler.test_job.HodRMSchedulerJobTestCase" file="test/unit/rmscheduler/test_job.py" line="42" name="test_job_generate_script" time="0.00433087348938"><skipped message="expected test failure"></skipped></testcase><testcase classname="test.unit.rmscheduler.test_job.HodRMSchedulerJobTestCase" file="test/unit/rmscheduler/test_job.py" line="68" name="test_job_get_jobs" time="0.00860261917114"><system-err>2015-11-19 13:26:49,454 ERROR      coverage        MainThread  No job class found for &lt;class &apos;hod.rmscheduler.job.Job&apos;&gt;
</system-err></testcase><testcase classname="test.unit.rmscheduler.test_job.HodRMSchedulerJobTestCase" file="test/unit/rmscheduler/test_job.py" line="33" name="test_job_init" time="0.003741979599"/><testcase classname="test.unit.rmscheduler.test_job.HodRMSchedulerJobTestCase" file="test/unit/rmscheduler/test_job.py" line="36" name="test_job_submit" time="0.00811386108398"><skipped message="expected test failure"></skipped></testcase><testcase classname="test.unit.rmscheduler.test_resourcemanagerscheduler.HodRMSchedulerResourceManagerSchedulerTestCase" file="test/unit/rmscheduler/test_resourcemanagerscheduler.py" line="56" name="test_resourcemanagerscheduler_header" time="0.00395083427429"/><testcase classname="test.unit.rmscheduler.test_resourcemanagerscheduler.HodRMSchedulerResourceManagerSchedulerTestCase" file="test/unit/rmscheduler/test_resourcemanagerscheduler.py" line="34" name="test_resourcemanagerscheduler_init" time="0.00369787216187"/><testcase classname="test.unit.rmscheduler.test_resourcemanagerscheduler.HodRMSchedulerResourceManagerSchedulerTestCase" file="test/unit/rmscheduler/test_resourcemanagerscheduler.py" line="51" name="test_resourcemanagerscheduler_remove" time="0.00388216972351"><system-err>2015-11-19 13:26:49,499 ERROR      coverage.ResourceManagerScheduler MainThread  remove not implemented
</system-err></testcase><testcase classname="test.unit.rmscheduler.test_resourcemanagerscheduler.HodRMSchedulerResourceManagerSchedulerTestCase" file="test/unit/rmscheduler/test_resourcemanagerscheduler.py" line="46" name="test_resourcemanagerscheduler_state" time="0.0037739276886"><system-err>2015-11-19 13:26:49,504 ERROR      coverage.ResourceManagerScheduler MainThread  state not implemented
</system-err></testcase><testcase classname="test.unit.rmscheduler.test_resourcemanagerscheduler.HodRMSchedulerResourceManagerSchedulerTestCase" file="test/unit/rmscheduler/test_resourcemanagerscheduler.py" line="40" name="test_resourcemanagerscheduler_submit" time="0.0041241645813"><skipped message="expected test failure"></skipped></testcase><testcase classname="test.unit.rmscheduler.test_rm_pbs.HodRMSchedulerRMPBSTestCase" file="test/unit/rmscheduler/test_rm_pbs.py" line="62" name="test_format_state_multiple" time="0.00040602684021"/><testcase classname="test.unit.rmscheduler.test_rm_pbs.HodRMSchedulerRMPBSTestCase" file="test/unit/rmscheduler/test_rm_pbs.py" line="53" name="test_format_state_none" time="0.000293016433716"/><testcase classname="test.unit.rmscheduler.test_rm_pbs.HodRMSchedulerRMPBSTestCase" file="test/unit/rmscheduler/test_rm_pbs.py" line="57" name="test_format_state_single" time="0.000293731689453"/><testcase classname="test.unit.rmscheduler.test_rm_pbs.HodRMSchedulerRMPBSTestCase" file="test/unit/rmscheduler/test_rm_pbs.py" line="43" name="test_master_hostname" time="0.000335931777954"/><testcase classname="test.unit.rmscheduler.test_rm_pbs.HodRMSchedulerRMPBSTestCase" file="test/unit/rmscheduler/test_rm_pbs.py" line="175" name="test_pbs_get_ppn" time="0.00878095626831"><system-err>Unable to communicate with localhost(127.0.0.1)
</system-err></testcase><testcase classname="test.unit.rmscheduler.test_rm_pbs.HodRMSchedulerRMPBSTestCase" file="test/unit/rmscheduler/test_rm_pbs.py" line="167" name="test_pbs_get_ppn_none" time="0.00812005996704"><system-err>Unable to communicate with localhost(127.0.0.1)
</system-err></testcase><testcase classname="test.unit.rmscheduler.test_rm_pbs.HodRMSchedulerRMPBSTestCase" file="test/unit/rmscheduler/test_rm_pbs.py" line="161" name="test_pbs_header" time="0.00820779800415"><skipped message="expected test failure"></skipped><system-err>Unable to communicate with localhost(127.0.0.1)
</system-err></testcase><testcase classname="test.unit.rmscheduler.test_rm_pbs.HodRMSchedulerRMPBSTestCase" file="test/unit/rmscheduler/test_rm_pbs.py" line="103" name="test_pbs_info" time="0.00899815559387"/><testcase classname="test.unit.rmscheduler.test_rm_pbs.HodRMSchedulerRMPBSTestCase" file="test/unit/rmscheduler/test_rm_pbs.py" line="49" name="test_pbs_init" time="0.00716710090637"><system-err>Unable to communicate with localhost(127.0.0.1)
</system-err></testcase><testcase classname="test.unit.rmscheduler.test_rm_pbs.HodRMSchedulerRMPBSTestCase" file="test/unit/rmscheduler/test_rm_pbs.py" line="129" name="test_pbs_match_filter" time="0.00848031044006"/><testcase classname="test.unit.rmscheduler.test_rm_pbs.HodRMSchedulerRMPBSTestCase" file="test/unit/rmscheduler/test_rm_pbs.py" line="145" name="test_pbs_remove" time="0.0153698921204"><system-err>2015-11-19 13:26:49,601 ERROR      coverage.Pbs    MainThread  Failed to delete job None: error True
</system-err></testcase><testcase classname="test.unit.rmscheduler.test_rm_pbs.HodRMSchedulerRMPBSTestCase" file="test/unit/rmscheduler/test_rm_pbs.py" line="78" name="test_pbs_state_none" time="0.0082311630249"><system-out>basje 
constructor called
constructor called
</system-out></testcase><testcase classname="test.unit.rmscheduler.test_rm_pbs.HodRMSchedulerRMPBSTestCase" file="test/unit/rmscheduler/test_rm_pbs.py" line="87" name="test_pbs_state_one" time="0.00851130485535"><system-out>basje 
constructor called
constructor called
</system-out></testcase><testcase classname="test.unit.rmscheduler.test_rm_pbs.HodRMSchedulerRMPBSTestCase" file="test/unit/rmscheduler/test_rm_pbs.py" line="68" name="test_pbs_submit" time="0.00992608070374"><system-out>constructor called
constructor called
constructor called
constructor called
constructor called
constructor called
constructor called
constructor called
constructor called
constructor called
constructor called
constructor called
constructor called
constructor called
constructor called
constructor called
constructor called
constructor called
constructor called
constructor called
constructor called
</system-out></testcase><testcase classname="test.unit.subcommands.test_subcommands_batch.TestBatchSubCommand" file="test/unit/subcommands/test_subcommands_batch.py" line="95" name="test_run_fails_with_config_and_dist_arg" time="0.121612787247"><system-err>2015-11-19 13:26:49,759 ERROR      coverage.create MainThread  Only one of --hodconf or --dist can be set
Missing config options. Exiting.
</system-err></testcase><testcase classname="test.unit.subcommands.test_subcommands_batch.TestBatchSubCommand" file="test/unit/subcommands/test_subcommands_batch.py" line="72" name="test_run_fails_with_dist_and_no_script" time="0.124507665634"><system-err>Missing script. Exiting.
</system-err></testcase><testcase classname="test.unit.subcommands.test_subcommands_batch.TestBatchSubCommand" file="test/unit/subcommands/test_subcommands_batch.py" line="60" name="test_run_no_args" time="0.129597187042"><skipped message="expected test failure">Requires easybuild environment</skipped><system-err>2015-11-19 13:26:50,014 ERROR      coverage.create MainThread  Either --hodconf or --dist must be set
Missing config options. Exiting.
</system-err></testcase><testcase classname="test.unit.subcommands.test_subcommands_batch.TestBatchSubCommand" file="test/unit/subcommands/test_subcommands_batch.py" line="86" name="test_run_with_dist" time="0.315210103989"><system-out>Specified script /tmp/tmpKc5NL4/some-script.sh is not executable yet, fixing that...
Submitting HOD cluster with no label (job id will be used as a default label) ...
Job submitted: &lt;MagicMock name=&apos;PbsHodJob().state().__getitem__()&apos; id=&apos;139874900629776&apos;&gt;
</system-out></testcase><testcase classname="test.unit.subcommands.test_subcommands_batch.TestBatchSubCommand" file="test/unit/subcommands/test_subcommands_batch.py" line="77" name="test_run_with_hodconf" time="0.315420866013"><system-out>Specified script /tmp/tmpZKS3xq/some-script.sh is not executable yet, fixing that...
Submitting HOD cluster with no label (job id will be used as a default label) ...
Job submitted: &lt;MagicMock name=&apos;PbsHodJob().state().__getitem__()&apos; id=&apos;139874859521680&apos;&gt;
</system-out></testcase><testcase classname="test.unit.subcommands.test_subcommands_batch.TestBatchSubCommand" file="test/unit/subcommands/test_subcommands_batch.py" line="66" name="test_run_with_hodconf_and_no_script" time="0.122343063354"><skipped message="xfail-marked test passes unexpectedly"/><system-err>Missing script. Exiting.
</system-err></testcase><testcase classname="test.unit.subcommands.test_subcommands_batch.TestBatchSubCommand" file="test/unit/subcommands/test_subcommands_batch.py" line="102" name="test_usage" time="0.000338077545166"/><testcase classname="test.unit.subcommands.test_subcommands_clean.TestCleanSubCommand" file="test/unit/subcommands/test_subcommands_clean.py" line="35" name="test_run" time="0.0742607116699"><system-out>basje 
constructor called
constructor called
</system-out><system-err>Unable to communicate with localhost(127.0.0.1)
</system-err></testcase><testcase classname="test.unit.subcommands.test_subcommands_clean.TestCleanSubCommand" file="test/unit/subcommands/test_subcommands_clean.py" line="41" name="test_run_good" time="0.0612170696259"><system-err>2015-11-19 13:26:50,910 WARNING    coverage        MainThread  No cluster config directory &apos;master23.hod.os/hod.d&apos; (yet)
</system-err></testcase><testcase classname="test.unit.subcommands.test_subcommands_clean.TestCleanSubCommand" file="test/unit/subcommands/test_subcommands_clean.py" line="52" name="test_usage" time="0.000333786010742"/><testcase classname="test.unit.subcommands.test_subcommands_clone.TestCloneSubCommand" file="test/unit/subcommands/test_subcommands_clone.py" line="45" name="test_run_no_args" time="0.0585501194"><system-err>hod clone - Write hod configs to a directory for editing purposes.
hod clone &lt;dist-to-copy&gt; &lt;output-directory&gt;
</system-err></testcase><testcase classname="test.unit.subcommands.test_subcommands_clone.TestCloneSubCommand" file="test/unit/subcommands/test_subcommands_clone.py" line="49" name="test_run_one_arg" time="0.0562579631805"><system-err>hod clone - Write hod configs to a directory for editing purposes.
hod clone &lt;dist-to-copy&gt; &lt;output-directory&gt;
</system-err></testcase><testcase classname="test.unit.subcommands.test_subcommands_clone.TestCloneSubCommand" file="test/unit/subcommands/test_subcommands_clone.py" line="67" name="test_run_two_args_dist_not_found" time="0.103312969208"><system-err>Error: Input dist not found: &quot;some-dist&quot;.
</system-err></testcase><testcase classname="test.unit.subcommands.test_subcommands_clone.TestCloneSubCommand" file="test/unit/subcommands/test_subcommands_clone.py" line="53" name="test_run_two_args_good" time="0.0965232849121"/><testcase classname="test.unit.subcommands.test_subcommands_clone.TestCloneSubCommand" file="test/unit/subcommands/test_subcommands_clone.py" line="60" name="test_run_two_args_output_exists_dist_does_not_exist" time="0.0994033813477"><system-err>Error: Output directory exists: &quot;some-output&quot;
</system-err></testcase><testcase classname="test.unit.subcommands.test_subcommands_connect.TestCreateSubCommand" file="test/unit/subcommands/test_subcommands_connect.py" line="55" name="test_run_no_args" time="0.0609927177429"><skipped message="xfail-marked test passes unexpectedly"/><system-err>2015-11-19 13:26:51,392 ERROR      coverage        MainThread  No label provided.
</system-err></testcase><testcase classname="test.unit.subcommands.test_subcommands_connect.TestCreateSubCommand" file="test/unit/subcommands/test_subcommands_connect.py" line="60" name="test_run_with_bad_jobid_arg" time="0.0675528049469"><system-out>Connecting to HOD cluster with label &apos;not-a-job-id&apos;...
</system-out><system-err>2015-11-19 13:26:51,455 WARNING    coverage        MainThread  No cluster config directory &apos;/home/user/.config/hod.d&apos; (yet)
2015-11-19 13:26:51,460 ERROR      coverage        MainThread  Unknown cluster label &apos;not-a-job-id&apos;: []
</system-err></testcase><testcase classname="test.unit.subcommands.test_subcommands_connect.TestCreateSubCommand" file="test/unit/subcommands/test_subcommands_connect.py" line="92" name="test_run_with_check_msgs" time="0.000948905944824"><skipped message="expected test failure"></skipped></testcase><testcase classname="test.unit.subcommands.test_subcommands_connect.TestCreateSubCommand" file="test/unit/subcommands/test_subcommands_connect.py" line="82" name="test_run_with_good_jobid_arg" time="0.0982520580292"><skipped message="expected test failure"></skipped><system-out>Connecting to HOD cluster with label &apos;1234&apos;...
</system-out><system-err>2015-11-19 13:26:51,680 WARNING    coverage        MainThread   ([Errno 2] No such file or directory: &apos;/home/user/.config/hod.d/1234/jobid&apos;
  File &quot;hod/subcommands/connect.py&quot;, line 79, in run
    jobid = cluster_jobid(label)

  File &quot;hod/cluster.py&quot;, line 161, in cluster_jobid
    return open(_cluster_info(label, &apos;jobid&apos;)).read()
)
</system-err></testcase><testcase classname="test.unit.subcommands.test_subcommands_connect.TestCreateSubCommand" file="test/unit/subcommands/test_subcommands_connect.py" line="74" name="test_run_with_held_jobid_arg" time="0.0634520053864"><system-out>Connecting to HOD cluster with label &apos;h123&apos;...
</system-out><system-err>2015-11-19 13:26:51,765 WARNING    coverage        MainThread  No cluster config directory &apos;/home/user/.config/hod.d&apos; (yet)
2015-11-19 13:26:51,769 ERROR      coverage        MainThread  Unknown cluster label &apos;h123&apos;: []
</system-err></testcase><testcase classname="test.unit.subcommands.test_subcommands_connect.TestCreateSubCommand" file="test/unit/subcommands/test_subcommands_connect.py" line="67" name="test_run_with_queued_jobid_arg" time="0.063159942627"><system-out>Connecting to HOD cluster with label &apos;q123&apos;...
</system-out><system-err>2015-11-19 13:26:51,829 WARNING    coverage        MainThread  No cluster config directory &apos;/home/user/.config/hod.d&apos; (yet)
2015-11-19 13:26:51,833 ERROR      coverage        MainThread  Unknown cluster label &apos;q123&apos;: []
</system-err></testcase><testcase classname="test.unit.subcommands.test_subcommands_create.TestCreateSubCommand" file="test/unit/subcommands/test_subcommands_create.py" line="57" name="test_run_fails_with_config_and_dist_arg" time="0.122715950012"><system-err>2015-11-19 13:26:51,960 ERROR      coverage.create MainThread  Only one of --hodconf or --dist can be set
Missing config options. Exiting.
</system-err></testcase><testcase classname="test.unit.subcommands.test_subcommands_create.TestCreateSubCommand" file="test/unit/subcommands/test_subcommands_create.py" line="37" name="test_run_no_args" time="0.116237163544"><skipped message="expected test failure">Requires easybuild environment</skipped><system-err>2015-11-19 13:26:52,077 ERROR      coverage.create MainThread  Either --hodconf or --dist must be set
Missing config options. Exiting.
</system-err></testcase><testcase classname="test.unit.subcommands.test_subcommands_create.TestCreateSubCommand" file="test/unit/subcommands/test_subcommands_create.py" line="43" name="test_run_with_args" time="0.12774014473"><skipped message="expected test failure">Requires easybuild environment</skipped><system-out>Submitting HOD cluster with no label (job id will be used as a default label) ...
Job submitted: &lt;MagicMock name=&apos;PbsHodJob().state().__getitem__()&apos; id=&apos;139874853042128&apos;&gt;
</system-out><system-err>2015-11-19 13:26:52,209 WARNING    coverage.create MainThread  coercing to Unicode: need string or buffer, MagicMock found (coercing to Unicode: need string or buffer, MagicMock found
  File &quot;hod/subcommands/create.py&quot;, line 102, in run
    hc.post_job_submission(label, jobs, optparser.options.workdir)

  File &quot;hod/cluster.py&quot;, line 334, in post_job_submission
    mk_cluster_info(label, job.jobid, workdir)

  File &quot;hod/cluster.py&quot;, line 238, in mk_cluster_info
    if not os.path.exists(info_dir):

  File &quot;/home/ehiggs/src/hanythingondemand/.tox/py27/lib64/python2.7/genericpath.py&quot;, line 26, in exists
    os.stat(path)
)
</system-err></testcase><testcase classname="test.unit.subcommands.test_subcommands_create.TestCreateSubCommand" file="test/unit/subcommands/test_subcommands_create.py" line="50" name="test_run_with_dist_arg" time="0.14302277565"><system-out>Submitting HOD cluster with no label (job id will be used as a default label) ...
Job submitted: &lt;MagicMock name=&apos;PbsHodJob().state().__getitem__()&apos; id=&apos;139874861317264&apos;&gt;
</system-out></testcase><testcase classname="test.unit.subcommands.test_subcommands_create.TestCreateSubCommand" file="test/unit/subcommands/test_subcommands_create.py" line="63" name="test_usage" time="0.000353813171387"/><testcase classname="test.unit.subcommands.test_subcommands_dists.TestDistsSubCommand" file="test/unit/subcommands/test_subcommands_dists.py" line="37" name="test_run" time="0.000889778137207"/><testcase classname="test.unit.subcommands.test_subcommands_dists.TestDistsSubCommand" file="test/unit/subcommands/test_subcommands_dists.py" line="43" name="test_usage" time="0.000281095504761"/><testcase classname="test.unit.subcommands.test_subcommands_genconfig.TestGenconfigSubCommand" file="test/unit/subcommands/test_subcommands_genconfig.py" line="35" name="test_run" time="1.25985455513"/><testcase classname="test.unit.subcommands.test_subcommands_genconfig.TestGenconfigSubCommand" file="test/unit/subcommands/test_subcommands_genconfig.py" line="47" name="test_run_no_hod_module" time="6.46705770493"/><testcase classname="test.unit.subcommands.test_subcommands_genconfig.TestGenconfigSubCommand" file="test/unit/subcommands/test_subcommands_genconfig.py" line="59" name="test_usage" time="0.000325202941895"/><testcase classname="test.unit.subcommands.test_subcommands_helptemplate.TestHelpTemplateApplication" file="test/unit/subcommands/test_subcommands_helptemplate.py" line="37" name="test_run" time="8.46388721466"><system-out>Hanythingondemand template parameters
Parameter name   	Value          	Documentation                                                                                                                      
dataaddress      	192.168.122.1  	Infiniband address if available                                                                                                    
dataname         	squirtle       	Infiniband hostname if available                                                                                                   
hostaddress      	140.221.238.111	IP address registered as the FQDN                                                                                                  
hostname         	squirtle       	Fully Qualified Domain Name (FQDN)                                                                                                 
localworkdir     	localworkdir   	Subdirectory of workdir with user, host, and pid in the name to make it distinct from other workdirs for use on shared file systems
masterdataaddress	192.168.122.1  	Address bound to the Infiniband adaptor on the master node if available                                                            
masterdataname   	squirtle       	Hostname bound to the Infiniband adaptor on the master node if available                                                           
masterhostaddress	140.221.238.111	Address bound to the Fully Qualified Domain Name (FQDN) of the master node.                                                        
masterhostname   	squirtle       	Hostname bound to the Fully Qualified Domain Name (FQDN) of the master node.                                                       
modules          	MODULES        	Modules listed in the hod.conf                                                                                                     
pid              	3027           	PID for the current process                                                                                                        
user             	ehiggs         	Current user                                                                                                                       
workdir          	WORKDIR        	Base directory for configuration and logging, e.g. /tmp, or somewhere on a shared file system.                                     
</system-out></testcase><testcase classname="test.unit.subcommands.test_subcommands_helptemplate.TestHelpTemplateApplication" file="test/unit/subcommands/test_subcommands_helptemplate.py" line="45" name="test_usage" time="0.00128149986267"/><testcase classname="test.unit.subcommands.test_subcommands_listcmd.TestListSubCommand" file="test/unit/subcommands/test_subcommands_listcmd.py" line="37" name="test_run_no_jobs" time="0.110820055008"><system-out>Cluster label	Job ID    	State          	Hosts 
mylabel      	good-jobid	&lt;job-not-found&gt;	&lt;none&gt;
</system-out></testcase><testcase classname="test.unit.subcommands.test_subcommands_listcmd.TestListSubCommand" file="test/unit/subcommands/test_subcommands_listcmd.py" line="47" name="test_run_one_job" time="0.115767002106"><system-out>Cluster label	Job ID                	State     	Hosts    
mylabel      	good-jobid.good-master	good-state	good-host
</system-out></testcase><testcase classname="test.unit.subcommands.test_subcommands_listcmd.TestListSubCommand" file="test/unit/subcommands/test_subcommands_listcmd.py" line="61" name="test_usage" time="0.000343322753906"/><testcase classname="test.unit.subcommands.test_subcommands_relabel.TestRelabelSubCommand" file="test/unit/subcommands/test_subcommands_relabel.py" line="56" name="test_run_ioerror" time="0.0581443309784"><system-err>Could not change label &quot;abc&quot; to &quot;xyz&quot;: &quot;bad&quot;
</system-err></testcase><testcase classname="test.unit.subcommands.test_subcommands_relabel.TestRelabelSubCommand" file="test/unit/subcommands/test_subcommands_relabel.py" line="37" name="test_run_no_args" time="0.0551290512085"><system-err>hod relabel - Change the label of an existing job.
hod relabel &lt;source-cluster-label&gt; &lt;dest-cluster-label&gt;
</system-err></testcase><testcase classname="test.unit.subcommands.test_subcommands_relabel.TestRelabelSubCommand" file="test/unit/subcommands/test_subcommands_relabel.py" line="49" name="test_run_oserror" time="0.0569272041321"><system-err>Could not change label &quot;abc&quot; to &quot;xyz&quot;: &quot;bad&quot;
</system-err></testcase><testcase classname="test.unit.subcommands.test_subcommands_relabel.TestRelabelSubCommand" file="test/unit/subcommands/test_subcommands_relabel.py" line="41" name="test_run_success" time="0.0609819889069"/><testcase classname="test.unit.subcommands.test_subcommands_relabel.TestRelabelSubCommand" file="test/unit/subcommands/test_subcommands_relabel.py" line="63" name="test_usage" time="0.000345230102539"/><testcase classname="test.unit.work.test_work_config_service.TestHodWorkConfiguredService" file="test/unit/work/test_work_config_service.py" line="61" name="test_ConfiguredService_init" time="0.0045690536499"/><testcase classname="test.unit.work.test_work_config_service.TestHodWorkConfiguredService" file="test/unit/work/test_work_config_service.py" line="66" name="test_ConfiguredService_pre_start_work_service" time="0.00413584709167"/><testcase classname="test.unit.work.test_work_config_service.TestHodWorkConfiguredService" file="test/unit/work/test_work_config_service.py" line="84" name="test_ConfiguredService_prepare_work_cfg" time="0.00514507293701"/><testcase classname="test.unit.work.test_work_config_service.TestHodWorkConfiguredService" file="test/unit/work/test_work_config_service.py" line="72" name="test_ConfiguredService_start_work_service" time="0.113489151001"/><testcase classname="test.unit.work.test_work_config_service.TestHodWorkConfiguredService" file="test/unit/work/test_work_config_service.py" line="78" name="test_ConfiguredService_stop_work_service" time="0.112835168839"/></testsuite>